This file contains any messages produced by compilers while
running configure, to aid debugging if configure makes a mistake.

It was created by opus configure 1.5.2, which was
generated by GNU Autoconf 2.71.  Invocation command line was

  $ ./configure

## --------- ##
## Platform. ##
## --------- ##

hostname = Air-von-Johanna.fritz.box
uname -m = arm64
uname -r = 23.5.0
uname -s = Darwin
uname -v = Darwin Kernel Version 23.5.0: Wed May  1 20:14:59 PDT 2024; root:xnu-10063.121.3~5/RELEASE_ARM64_T8122

/usr/bin/uname -p = arm
/bin/uname -X     = unknown

/bin/arch              = unknown
/usr/bin/arch -k       = unknown
/usr/convex/getsysinfo = unknown
/usr/bin/hostinfo      = Mach kernel version:
	 Darwin Kernel Version 23.5.0: Wed May  1 20:14:59 PDT 2024; root:xnu-10063.121.3~5/RELEASE_ARM64_T8122
Kernel configured for up to 8 processors.
8 processors are physically available.
8 processors are logically available.
Processor type: arm64e (ARM64E)
Processors active: 0 1 2 3 4 5 6 7
Primary memory available: 16.00 gigabytes
Default processor set: 686 tasks, 2979 threads, 8 processors
Load average: 1.80, Mach factor: 6.19
/bin/machine           = unknown
/usr/bin/oslevel       = unknown
/bin/universe          = unknown

PATH: /Users/johanna/Qt/6.7.0/macos/bin/
PATH: /opt/homebrew/bin/
PATH: /opt/homebrew/sbin/
PATH: /usr/local/bin/
PATH: /System/Cryptexes/App/usr/bin/
PATH: /usr/bin/
PATH: /bin/
PATH: /usr/sbin/
PATH: /sbin/
PATH: /var/run/com.apple.security.cryptexd/codex.system/bootstrap/usr/local/bin/
PATH: /var/run/com.apple.security.cryptexd/codex.system/bootstrap/usr/bin/
PATH: /var/run/com.apple.security.cryptexd/codex.system/bootstrap/usr/appleinternal/bin/
PATH: /Library/Apple/usr/bin/


## ----------- ##
## Core tests. ##
## ----------- ##

configure:2569: looking for aux files: compile ltmain.sh config.guess config.sub missing install-sh
configure:2582:  trying ./
configure:2611:   ./compile found
configure:2611:   ./ltmain.sh found
configure:2611:   ./config.guess found
configure:2611:   ./config.sub found
configure:2611:   ./missing found
configure:2593:   ./install-sh found
configure:2738: checking whether make supports nested variables
configure:2756: result: yes
configure:2795: checking for a BSD-compatible install
configure:2868: result: /usr/bin/install -c
configure:2879: checking whether build environment is sane
configure:2934: result: yes
configure:3093: checking for a race-free mkdir -p
configure:3137: result: ./install-sh -c -d
configure:3144: checking for gawk
configure:3179: result: no
configure:3144: checking for mawk
configure:3179: result: no
configure:3144: checking for nawk
configure:3179: result: no
configure:3144: checking for awk
configure:3165: found /usr/bin/awk
configure:3176: result: awk
configure:3187: checking whether make sets $(MAKE)
configure:3210: result: yes
configure:3349: checking whether to enable maintainer-specific portions of Makefiles
configure:3359: result: yes
configure:3379: checking build system type
configure:3394: result: aarch64-apple-darwin23.5.0
configure:3414: checking host system type
configure:3428: result: aarch64-apple-darwin23.5.0
configure:3501: checking how to print strings
configure:3528: result: printf
configure:3562: checking whether make supports the include directive
configure:3577: make -f confmf.GNU && cat confinc.out
this is the am__doit target
configure:3580: $? = 0
configure:3599: result: yes (GNU style)
configure:3675: checking for gcc
configure:3696: found /usr/bin/gcc
configure:3707: result: gcc
configure:4060: checking for C compiler version
configure:4069: gcc --version >&5
Apple clang version 15.0.0 (clang-1500.3.9.4)
Target: arm64-apple-darwin23.5.0
Thread model: posix
InstalledDir: /Applications/Xcode.app/Contents/Developer/Toolchains/XcodeDefault.xctoolchain/usr/bin
configure:4080: $? = 0
configure:4069: gcc -v >&5
Apple clang version 15.0.0 (clang-1500.3.9.4)
Target: arm64-apple-darwin23.5.0
Thread model: posix
InstalledDir: /Applications/Xcode.app/Contents/Developer/Toolchains/XcodeDefault.xctoolchain/usr/bin
configure:4080: $? = 0
configure:4069: gcc -V >&5
clang: error: argument to '-V' is missing (expected 1 value)
clang: error: no input files
configure:4080: $? = 1
configure:4069: gcc -qversion >&5
clang: error: unknown argument '-qversion'; did you mean '--version'?
clang: error: no input files
configure:4080: $? = 1
configure:4069: gcc -version >&5
clang: error: unknown argument '-version'; did you mean '--version'?
clang: error: no input files
configure:4080: $? = 1
configure:4100: checking whether the C compiler works
configure:4122: gcc    conftest.c  >&5
configure:4126: $? = 0
configure:4176: result: yes
configure:4179: checking for C compiler default output file name
configure:4181: result: a.out
configure:4187: checking for suffix of executables
configure:4194: gcc -o conftest    conftest.c  >&5
configure:4198: $? = 0
configure:4221: result: 
configure:4243: checking whether we are cross compiling
configure:4251: gcc -o conftest    conftest.c  >&5
configure:4255: $? = 0
configure:4262: ./conftest
configure:4266: $? = 0
configure:4281: result: no
configure:4286: checking for suffix of object files
configure:4309: gcc -c   conftest.c >&5
configure:4313: $? = 0
configure:4335: result: o
configure:4339: checking whether the compiler supports GNU C
configure:4359: gcc -c   conftest.c >&5
configure:4359: $? = 0
configure:4369: result: yes
configure:4380: checking whether gcc accepts -g
configure:4401: gcc -c -g  conftest.c >&5
configure:4401: $? = 0
configure:4445: result: yes
configure:4465: checking for gcc option to enable C11 features
configure:4480: gcc  -c -g -O2  conftest.c >&5
conftest.c:23:14: warning: a function definition without a prototype is deprecated in all versions of C and is not supported in C2x [-Wdeprecated-non-prototype]
static char *e (p, i)
             ^
1 warning generated.
configure:4480: $? = 0
configure:4498: result: none needed
configure:4614: checking whether gcc understands -c and -o together
configure:4637: gcc -c conftest.c -o conftest2.o
configure:4640: $? = 0
configure:4637: gcc -c conftest.c -o conftest2.o
configure:4640: $? = 0
configure:4652: result: yes
configure:4671: checking dependency style of gcc
configure:4783: result: gcc3
configure:4798: checking for a sed that does not truncate output
configure:4868: result: /usr/bin/sed
configure:4886: checking for grep that handles long lines and -e
configure:4950: result: /usr/bin/grep
configure:4955: checking for egrep
configure:5023: result: /usr/bin/grep -E
configure:5028: checking for fgrep
configure:5096: result: /usr/bin/grep -F
configure:5132: checking for ld used by gcc
configure:5200: result: /Applications/Xcode.app/Contents/Developer/Toolchains/XcodeDefault.xctoolchain/usr/bin/ld
configure:5207: checking if the linker (/Applications/Xcode.app/Contents/Developer/Toolchains/XcodeDefault.xctoolchain/usr/bin/ld) is GNU ld
configure:5223: result: no
configure:5235: checking for BSD- or MS-compatible name lister (nm)
configure:5290: result: /usr/bin/nm -B
configure:5430: checking the name lister (/usr/bin/nm -B) interface
configure:5438: gcc -c -g -O2  conftest.c >&5
configure:5441: /usr/bin/nm -B "conftest.o"
configure:5444: output
000000000000025c S _some_variable
0000000000000000 t ltmp0
000000000000025c s ltmp1
configure:5451: result: BSD nm
configure:5454: checking whether ln -s works
configure:5458: result: yes
configure:5466: checking the maximum length of command line arguments
configure:5598: result: 786432
configure:5646: checking how to convert aarch64-apple-darwin23.5.0 file names to aarch64-apple-darwin23.5.0 format
configure:5687: result: func_convert_file_noop
configure:5694: checking how to convert aarch64-apple-darwin23.5.0 file names to toolchain format
configure:5715: result: func_convert_file_noop
configure:5722: checking for /Applications/Xcode.app/Contents/Developer/Toolchains/XcodeDefault.xctoolchain/usr/bin/ld option to reload object files
configure:5730: result: -r
configure:5809: checking for objdump
configure:5830: found /usr/bin/objdump
configure:5841: result: objdump
configure:5873: checking how to recognize dependent libraries
configure:6074: result: pass_all
configure:6164: checking for dlltool
configure:6199: result: no
configure:6229: checking how to associate runtime and link libraries
configure:6257: result: printf %s\n
configure:6323: checking for ar
configure:6344: found /usr/bin/ar
configure:6355: result: ar
configure:6392: checking for archiver @FILE support
configure:6410: gcc -c -g -O2  conftest.c >&5
configure:6410: $? = 0
configure:6414: ar cr libconftest.a @conftest.lst >&5
ar: @conftest.lst: No such file or directory
configure:6417: $? = 1
configure:6437: result: no
configure:6500: checking for strip
configure:6521: found /usr/bin/strip
configure:6532: result: strip
configure:6609: checking for ranlib
configure:6630: found /usr/bin/ranlib
configure:6641: result: ranlib
configure:6743: checking command to parse /usr/bin/nm -B output from gcc object
configure:6897: gcc -c -g -O2  conftest.c >&5
configure:6900: $? = 0
configure:6904: /usr/bin/nm -B conftest.o | sed -n -e 's/^.*[	 ]\([ABCDGIRSTW][ABCDGIRSTW]*\)[	 ][	 ]*\([_A-Za-z][_A-Za-z0-9]*\)$/\1 \2 \2/p' | sed '/ __gnu_lto/d' > conftest.nm
cannot find nm_test_var in conftest.nm
configure:6897: gcc -c -g -O2  conftest.c >&5
configure:6900: $? = 0
configure:6904: /usr/bin/nm -B conftest.o | sed -n -e 's/^.*[	 ]\([ABCDGIRSTW][ABCDGIRSTW]*\)[	 ][	 ]*_\([_A-Za-z][_A-Za-z0-9]*\)$/\1 _\2 \2/p' | sed '/ __gnu_lto/d' > conftest.nm
configure:6970: gcc -o conftest -g -O2   conftest.c conftstm.o >&5
configure:6973: $? = 0
configure:7011: result: ok
configure:7058: checking for sysroot
configure:7089: result: no
configure:7096: checking for a working dd
configure:7140: result: /bin/dd
configure:7144: checking how to truncate binary pipes
configure:7160: result: /bin/dd bs=4096 count=1
configure:7497: checking for mt
configure:7532: result: no
configure:7552: checking if : is a manifest tool
configure:7559: : '-?'
configure:7567: result: no
configure:7628: checking for dsymutil
configure:7649: found /usr/bin/dsymutil
configure:7660: result: dsymutil
configure:7730: checking for nmedit
configure:7751: found /usr/bin/nmedit
configure:7762: result: nmedit
configure:7832: checking for lipo
configure:7853: found /usr/bin/lipo
configure:7864: result: lipo
configure:7934: checking for otool
configure:7955: found /usr/bin/otool
configure:7966: result: otool
configure:8036: checking for otool64
configure:8071: result: no
configure:8116: checking for -single_module linker flag
gcc -g -O2  -o libconftest.dylib -dynamiclib -Wl,-single_module conftest.c
ld: warning: -single_module is obsolete
configure:8150: result: no
configure:8153: checking for -exported_symbols_list linker flag
configure:8174: gcc -o conftest -g -O2   -Wl,-exported_symbols_list,conftest.sym conftest.c  >&5
configure:8174: $? = 0
configure:8185: result: yes
configure:8188: checking for -force_load linker flag
gcc -g -O2 -c -o conftest.o conftest.c
ar cr libconftest.a conftest.o
ranlib libconftest.a
gcc -g -O2  -o conftest conftest.c -Wl,-force_load,./libconftest.a
configure:8221: result: yes
configure:8297: checking for stdio.h
configure:8297: gcc -c -g -O2  conftest.c >&5
configure:8297: $? = 0
configure:8297: result: yes
configure:8297: checking for stdlib.h
configure:8297: gcc -c -g -O2  conftest.c >&5
configure:8297: $? = 0
configure:8297: result: yes
configure:8297: checking for string.h
configure:8297: gcc -c -g -O2  conftest.c >&5
configure:8297: $? = 0
configure:8297: result: yes
configure:8297: checking for inttypes.h
configure:8297: gcc -c -g -O2  conftest.c >&5
configure:8297: $? = 0
configure:8297: result: yes
configure:8297: checking for stdint.h
configure:8297: gcc -c -g -O2  conftest.c >&5
configure:8297: $? = 0
configure:8297: result: yes
configure:8297: checking for strings.h
configure:8297: gcc -c -g -O2  conftest.c >&5
configure:8297: $? = 0
configure:8297: result: yes
configure:8297: checking for sys/stat.h
configure:8297: gcc -c -g -O2  conftest.c >&5
configure:8297: $? = 0
configure:8297: result: yes
configure:8297: checking for sys/types.h
configure:8297: gcc -c -g -O2  conftest.c >&5
configure:8297: $? = 0
configure:8297: result: yes
configure:8297: checking for unistd.h
configure:8297: gcc -c -g -O2  conftest.c >&5
configure:8297: $? = 0
configure:8297: result: yes
configure:8322: checking for dlfcn.h
configure:8322: gcc -c -g -O2  conftest.c >&5
configure:8322: $? = 0
configure:8322: result: yes
configure:8581: checking for objdir
configure:8597: result: .libs
configure:8861: checking if gcc supports -fno-rtti -fno-exceptions
configure:8880: gcc -c -g -O2  -fno-rtti -fno-exceptions conftest.c >&5
configure:8884: $? = 0
configure:8897: result: yes
configure:9261: checking for gcc option to produce PIC
configure:9269: result: -fno-common -DPIC
configure:9277: checking if gcc PIC flag -fno-common -DPIC works
configure:9296: gcc -c -g -O2  -fno-common -DPIC -DPIC conftest.c >&5
configure:9300: $? = 0
configure:9313: result: yes
configure:9342: checking if gcc static flag -static works
configure:9371: result: no
configure:9386: checking if gcc supports -c -o file.o
configure:9408: gcc -c -g -O2  -o out/conftest2.o conftest.c >&5
configure:9412: $? = 0
configure:9434: result: yes
configure:9442: checking if gcc supports -c -o file.o
configure:9490: result: yes
configure:9523: checking whether the gcc linker (/Applications/Xcode.app/Contents/Developer/Toolchains/XcodeDefault.xctoolchain/usr/bin/ld) supports shared libraries
configure:10793: result: yes
configure:11034: checking dynamic linker characteristics
configure:11867: result: darwin23.5.0 dyld
configure:11989: checking how to hardcode library paths into programs
configure:12014: result: immediate
configure:12566: checking whether stripping libraries is possible
configure:12580: result: yes
configure:12606: checking if libtool supports shared libraries
configure:12608: result: yes
configure:12611: checking whether to build shared libraries
configure:12636: result: yes
configure:12639: checking whether to build static libraries
configure:12643: result: yes
configure:12683: checking for an ANSI C-conforming const
configure:12750: gcc -c -g -O2  conftest.c >&5
configure:12750: $? = 0
configure:12758: result: yes
configure:12766: checking for inline
configure:12783: gcc -c -g -O2  conftest.c >&5
configure:12783: $? = 0
configure:12792: result: inline
configure:12820: checking dependency style of gcc
configure:12930: result: gcc3
configure:12954: checking for C/C++ restrict keyword
configure:12980: gcc -c -g -O2  conftest.c >&5
configure:12980: $? = 0
configure:12989: result: __restrict
configure:13002: checking for C99 variable-size arrays
configure:13015: gcc -c -g -O2  conftest.c >&5
configure:13015: $? = 0
configure:13029: result: yes
configure:13456: checking how to run the C preprocessor
configure:13482: gcc -E  conftest.c
configure:13482: $? = 0
configure:13497: gcc -E  conftest.c
conftest.c:25:10: fatal error: 'ac_nonexistent.h' file not found
#include <ac_nonexistent.h>
         ^~~~~~~~~~~~~~~~~~
1 error generated.
configure:13497: $? = 1
configure: failed program was:
| /* confdefs.h */
| #define PACKAGE_NAME "opus"
| #define PACKAGE_TARNAME "opus"
| #define PACKAGE_VERSION "1.5.2"
| #define PACKAGE_STRING "opus 1.5.2"
| #define PACKAGE_BUGREPORT "opus@xiph.org"
| #define PACKAGE_URL ""
| #define HAVE_STDIO_H 1
| #define HAVE_STDLIB_H 1
| #define HAVE_STRING_H 1
| #define HAVE_INTTYPES_H 1
| #define HAVE_STDINT_H 1
| #define HAVE_STRINGS_H 1
| #define HAVE_SYS_STAT_H 1
| #define HAVE_SYS_TYPES_H 1
| #define HAVE_UNISTD_H 1
| #define STDC_HEADERS 1
| #define HAVE_DLFCN_H 1
| #define LT_OBJDIR ".libs/"
| #define OPUS_BUILD /**/
| #define restrict __restrict
| #define VAR_ARRAYS 1
| #define FLOAT_APPROX 1
| /* end confdefs.h.  */
| #include <ac_nonexistent.h>
configure:13524: result: gcc -E
configure:13538: gcc -E  conftest.c
configure:13538: $? = 0
configure:13553: gcc -E  conftest.c
conftest.c:25:10: fatal error: 'ac_nonexistent.h' file not found
#include <ac_nonexistent.h>
         ^~~~~~~~~~~~~~~~~~
1 error generated.
configure:13553: $? = 1
configure: failed program was:
| /* confdefs.h */
| #define PACKAGE_NAME "opus"
| #define PACKAGE_TARNAME "opus"
| #define PACKAGE_VERSION "1.5.2"
| #define PACKAGE_STRING "opus 1.5.2"
| #define PACKAGE_BUGREPORT "opus@xiph.org"
| #define PACKAGE_URL ""
| #define HAVE_STDIO_H 1
| #define HAVE_STDLIB_H 1
| #define HAVE_STRING_H 1
| #define HAVE_INTTYPES_H 1
| #define HAVE_STDINT_H 1
| #define HAVE_STRINGS_H 1
| #define HAVE_SYS_STAT_H 1
| #define HAVE_SYS_TYPES_H 1
| #define HAVE_UNISTD_H 1
| #define STDC_HEADERS 1
| #define HAVE_DLFCN_H 1
| #define LT_OBJDIR ".libs/"
| #define OPUS_BUILD /**/
| #define restrict __restrict
| #define VAR_ARRAYS 1
| #define FLOAT_APPROX 1
| /* end confdefs.h.  */
| #include <ac_nonexistent.h>
configure:14221: checking if compiler supports ARM Neon intrinsics
configure:14240: gcc -o conftest -g -O2   conftest.c  >&5
configure:14240: $? = 0
configure:14245: result: yes
configure:14382: checking for NE10
configure:14404: gcc -o conftest -g -O2    conftest.c   -lNE10  >&5
conftest.c:28:22: fatal error: 'NE10_dsp.h' file not found
            #include <NE10_dsp.h>
                     ^~~~~~~~~~~~
1 error generated.
configure:14404: $? = 1
configure: failed program was:
| /* confdefs.h */
| #define PACKAGE_NAME "opus"
| #define PACKAGE_TARNAME "opus"
| #define PACKAGE_VERSION "1.5.2"
| #define PACKAGE_STRING "opus 1.5.2"
| #define PACKAGE_BUGREPORT "opus@xiph.org"
| #define PACKAGE_URL ""
| #define HAVE_STDIO_H 1
| #define HAVE_STDLIB_H 1
| #define HAVE_STRING_H 1
| #define HAVE_INTTYPES_H 1
| #define HAVE_STDINT_H 1
| #define HAVE_STRINGS_H 1
| #define HAVE_SYS_STAT_H 1
| #define HAVE_SYS_TYPES_H 1
| #define HAVE_UNISTD_H 1
| #define STDC_HEADERS 1
| #define HAVE_DLFCN_H 1
| #define LT_OBJDIR ".libs/"
| #define OPUS_BUILD /**/
| #define restrict __restrict
| #define VAR_ARRAYS 1
| #define FLOAT_APPROX 1
| #define OPUS_ARM_MAY_HAVE_NEON_INTR 1
| #define OPUS_ARM_PRESUME_NEON_INTR 1
| /* end confdefs.h.  */
| 
|             #include <NE10_dsp.h>
| 
| int
| main (void)
| {
| 
|                   ne10_fft_cfg_float32_t cfg;
|                   cfg = ne10_fft_alloc_c2c_float32_neon(480);
| 
| 
|   ;
|   return 0;
| }
| 
configure:14414: result: no
configure:14452: checking if compiler supports Aarch64 Neon intrinsics
configure:14471: gcc -o conftest -g -O2   conftest.c  >&5
configure:14471: $? = 0
configure:14476: result: yes
configure:14538: checking if compiler supports Aarch64 dotprod intrinsics
configure:14557: gcc -o conftest -g -O2   conftest.c  >&5
configure:14557: $? = 0
configure:14562: result: yes
configure:15441: checking for doxygen
configure:15474: result: no
configure:15484: checking for dot
configure:15517: result: no
configure:15587: checking argument osce training data
configure:15596: result: no
configure:15677: checking if gcc supports -fvisibility=hidden
configure:15683: gcc -c -g -O2 -fvisibility=hidden  conftest.c >&5
configure:15683: $? = 0
configure:15685: result: yes
configure:15763: checking whether to add -D_FORTIFY_SOURCE=2 to CFLAGS
configure:15779: gcc -o conftest -g -O2 -fvisibility=hidden   conftest.c  >&5
configure:15779: $? = 0
configure:15782: result: yes
configure:15803: checking if gcc supports -Wall -Wextra -Wcast-align -Wnested-externs -Wshadow -Wstrict-prototypes
configure:15809: gcc -c -g -O2 -fvisibility=hidden -D_FORTIFY_SOURCE=2 -W -Wall -Wextra -Wcast-align -Wnested-externs -Wshadow -Wstrict-prototypes  conftest.c >&5
configure:15809: $? = 0
configure:15811: result: yes
configure:15823: checking for lrintf
configure:15823: gcc -o conftest -g -O2 -fvisibility=hidden -D_FORTIFY_SOURCE=2 -W -Wall -Wextra -Wcast-align -Wnested-externs -Wshadow -Wstrict-prototypes   conftest.c   >&5
conftest.c:48:13: warning: a function declaration without a prototype is deprecated in all versions of C [-Wstrict-prototypes]
char lrintf ();
            ^
             void
conftest.c:48:6: warning: incompatible redeclaration of library function 'lrintf' [-Wincompatible-library-redeclaration]
char lrintf ();
     ^
conftest.c:48:6: note: 'lrintf' is a builtin with type 'long (float)'
2 warnings generated.
configure:15823: $? = 0
configure:15823: result: yes
configure:15830: checking for lrint
configure:15830: gcc -o conftest -g -O2 -fvisibility=hidden -D_FORTIFY_SOURCE=2 -W -Wall -Wextra -Wcast-align -Wnested-externs -Wshadow -Wstrict-prototypes   conftest.c   >&5
conftest.c:49:12: warning: a function declaration without a prototype is deprecated in all versions of C [-Wstrict-prototypes]
char lrint ();
           ^
            void
conftest.c:49:6: warning: incompatible redeclaration of library function 'lrint' [-Wincompatible-library-redeclaration]
char lrint ();
     ^
conftest.c:49:6: note: 'lrint' is a builtin with type 'long (double)'
2 warnings generated.
configure:15830: $? = 0
configure:15830: result: yes
configure:15839: checking for __malloc_hook
configure:15839: gcc -o conftest -g -O2 -fvisibility=hidden -D_FORTIFY_SOURCE=2 -W -Wall -Wextra -Wcast-align -Wnested-externs -Wshadow -Wstrict-prototypes   conftest.c  >&5
conftest.c:50:20: warning: a function declaration without a prototype is deprecated in all versions of C [-Wstrict-prototypes]
char __malloc_hook ();
                   ^
                    void
1 warning generated.
Undefined symbols for architecture arm64:
  "___malloc_hook", referenced from:
      _main in conftest-92ea11.o
ld: symbol(s) not found for architecture arm64
clang: error: linker command failed with exit code 1 (use -v to see invocation)
configure:15839: $? = 1
configure: failed program was:
| /* confdefs.h */
| #define PACKAGE_NAME "opus"
| #define PACKAGE_TARNAME "opus"
| #define PACKAGE_VERSION "1.5.2"
| #define PACKAGE_STRING "opus 1.5.2"
| #define PACKAGE_BUGREPORT "opus@xiph.org"
| #define PACKAGE_URL ""
| #define HAVE_STDIO_H 1
| #define HAVE_STDLIB_H 1
| #define HAVE_STRING_H 1
| #define HAVE_INTTYPES_H 1
| #define HAVE_STDINT_H 1
| #define HAVE_STRINGS_H 1
| #define HAVE_SYS_STAT_H 1
| #define HAVE_SYS_TYPES_H 1
| #define HAVE_UNISTD_H 1
| #define STDC_HEADERS 1
| #define HAVE_DLFCN_H 1
| #define LT_OBJDIR ".libs/"
| #define OPUS_BUILD /**/
| #define restrict __restrict
| #define VAR_ARRAYS 1
| #define FLOAT_APPROX 1
| #define OPUS_ARM_MAY_HAVE_NEON_INTR 1
| #define OPUS_ARM_PRESUME_NEON_INTR 1
| #define OPUS_ARM_PRESUME_AARCH64_NEON_INTR 1
| #define OPUS_ARM_MAY_HAVE_DOTPROD 1
| #define OPUS_ARM_PRESUME_DOTPROD 1
| #define ENABLE_HARDENING 1
| #define DISABLE_DEBUG_FLOAT 1
| #define HAVE_LRINTF 1
| #define HAVE_LRINT 1
| /* end confdefs.h.  */
| /* Define __malloc_hook to an innocuous variant, in case <limits.h> declares __malloc_hook.
|    For example, HP-UX 11i <limits.h> declares gettimeofday.  */
| #define __malloc_hook innocuous___malloc_hook
| 
| /* System header to define __stub macros and hopefully few prototypes,
|    which can conflict with char __malloc_hook (); below.  */
| 
| #include <limits.h>
| #undef __malloc_hook
| 
| /* Override any GCC internal prototype to avoid an error.
|    Use char because int might match the return type of a GCC
|    builtin and then its argument prototype would still apply.  */
| #ifdef __cplusplus
| extern "C"
| #endif
| char __malloc_hook ();
| /* The GNU C library defines this for functions which it implements
|     to always fail with ENOSYS.  Some functions are actually named
|     something starting with __ and the normal name is an alias.  */
| #if defined __stub___malloc_hook || defined __stub_____malloc_hook
| choke me
| #endif
| 
| int
| main (void)
| {
| return __malloc_hook ();
|   ;
|   return 0;
| }
configure:15839: result: no
configure:15963: checking that generated files are newer than configure
configure:15969: result: done
configure:16108: creating ./config.status

## ---------------------- ##
## Running config.status. ##
## ---------------------- ##

This file was extended by opus config.status 1.5.2, which was
generated by GNU Autoconf 2.71.  Invocation command line was

  CONFIG_FILES    = 
  CONFIG_HEADERS  = 
  CONFIG_LINKS    = 
  CONFIG_COMMANDS = 
  $ ./config.status 

on Air-von-Johanna.fritz.box

config.status:1172: creating Makefile
config.status:1172: creating opus.pc
config.status:1172: creating opus-uninstalled.pc
config.status:1172: creating celt/arm/armopts.s
config.status:1172: creating doc/Makefile
config.status:1172: creating doc/Doxyfile
config.status:1172: creating config.h
config.status:1401: executing depfiles commands
config.status:1478: cd .       && sed -e '/# am--include-marker/d' Makefile         | make -f - am--depfiles
config.status:1483: $? = 0
config.status:1401: executing libtool commands
configure:18255:
------------------------------------------------------------------------
  opus 1.5.2:  Automatic configuration OK.

    Compiler support:

      C99 var arrays: ................ yes
      C99 lrintf: .................... yes
      Use alloca: .................... no (using var arrays)

    General configuration:

      Floating point support: ........ yes
      Fast float approximations: ..... yes
      Fixed point debugging: ......... no
      Inline Assembly Optimizations: . No inline ASM for your platform, please send patches
      External Assembly Optimizations: 
      Intrinsics Optimizations: ...... ARM (NEON) (NEON Aarch64) (DOTPROD) (DOTPROD Aarch64)
      Run-time CPU detection: ........ no
      Custom modes: .................. no
      Assertion checking: ............ no
      Hardening: ..................... yes
      Fuzzing: ....................... no
      Check ASM: ..................... no

      API documentation: ............. yes
      Extra programs: ................ yes
------------------------------------------------------------------------

 Type "make; make install" to compile and install
 Type "make check" to run the test suite


## ---------------- ##
## Cache variables. ##
## ---------------- ##

ac_cv_build=aarch64-apple-darwin23.5.0
ac_cv_c_compiler_gnu=yes
ac_cv_c_const=yes
ac_cv_c_inline=inline
ac_cv_c_restrict=__restrict
ac_cv_env_ARM_DOTPROD_INTR_CFLAGS_set=
ac_cv_env_ARM_DOTPROD_INTR_CFLAGS_value=
ac_cv_env_ARM_NEON_INTR_CFLAGS_set=
ac_cv_env_ARM_NEON_INTR_CFLAGS_value=
ac_cv_env_CCASFLAGS_set=
ac_cv_env_CCASFLAGS_value=
ac_cv_env_CCAS_set=
ac_cv_env_CCAS_value=
ac_cv_env_CC_set=
ac_cv_env_CC_value=
ac_cv_env_CFLAGS_set=
ac_cv_env_CFLAGS_value=
ac_cv_env_CPPFLAGS_set=
ac_cv_env_CPPFLAGS_value=
ac_cv_env_CPP_set=
ac_cv_env_CPP_value=
ac_cv_env_LDFLAGS_set=
ac_cv_env_LDFLAGS_value=
ac_cv_env_LIBS_set=
ac_cv_env_LIBS_value=
ac_cv_env_LT_SYS_LIBRARY_PATH_set=
ac_cv_env_LT_SYS_LIBRARY_PATH_value=
ac_cv_env_X86_AVX2_CFLAGS_set=
ac_cv_env_X86_AVX2_CFLAGS_value=
ac_cv_env_X86_SSE2_CFLAGS_set=
ac_cv_env_X86_SSE2_CFLAGS_value=
ac_cv_env_X86_SSE4_1_CFLAGS_set=
ac_cv_env_X86_SSE4_1_CFLAGS_value=
ac_cv_env_X86_SSE_CFLAGS_set=
ac_cv_env_X86_SSE_CFLAGS_value=
ac_cv_env_build_alias_set=
ac_cv_env_build_alias_value=
ac_cv_env_host_alias_set=
ac_cv_env_host_alias_value=
ac_cv_env_target_alias_set=
ac_cv_env_target_alias_value=
ac_cv_func___malloc_hook=no
ac_cv_func_lrint=yes
ac_cv_func_lrintf=yes
ac_cv_header_dlfcn_h=yes
ac_cv_header_inttypes_h=yes
ac_cv_header_stdint_h=yes
ac_cv_header_stdio_h=yes
ac_cv_header_stdlib_h=yes
ac_cv_header_string_h=yes
ac_cv_header_strings_h=yes
ac_cv_header_sys_stat_h=yes
ac_cv_header_sys_types_h=yes
ac_cv_header_unistd_h=yes
ac_cv_host=aarch64-apple-darwin23.5.0
ac_cv_objext=o
ac_cv_path_EGREP='/usr/bin/grep -E'
ac_cv_path_FGREP='/usr/bin/grep -F'
ac_cv_path_GREP=/usr/bin/grep
ac_cv_path_SED=/usr/bin/sed
ac_cv_path_install='/usr/bin/install -c'
ac_cv_path_lt_DD=/bin/dd
ac_cv_prog_AWK=awk
ac_cv_prog_CPP='gcc -E'
ac_cv_prog_HAVE_DOT=no
ac_cv_prog_HAVE_DOXYGEN=no
ac_cv_prog_ac_ct_AR=ar
ac_cv_prog_ac_ct_CC=gcc
ac_cv_prog_ac_ct_DSYMUTIL=dsymutil
ac_cv_prog_ac_ct_LIPO=lipo
ac_cv_prog_ac_ct_NMEDIT=nmedit
ac_cv_prog_ac_ct_OBJDUMP=objdump
ac_cv_prog_ac_ct_OTOOL=otool
ac_cv_prog_ac_ct_RANLIB=ranlib
ac_cv_prog_ac_ct_STRIP=strip
ac_cv_prog_cc_c11=
ac_cv_prog_cc_g=yes
ac_cv_prog_cc_stdc=
ac_cv_prog_make_make_set=yes
am_cv_CCAS_dependencies_compiler_type=gcc3
am_cv_CC_dependencies_compiler_type=gcc3
am_cv_make_support_nested_variables=yes
am_cv_prog_cc_c_o=yes
lt_cv_apple_cc_single_mod=no
lt_cv_ar_at_file=no
lt_cv_deplibs_check_method=pass_all
lt_cv_file_magic_cmd='$MAGIC_CMD'
lt_cv_file_magic_test_file=
lt_cv_ld_exported_symbols_list=yes
lt_cv_ld_force_load=yes
lt_cv_ld_reload_flag=-r
lt_cv_nm_interface='BSD nm'
lt_cv_objdir=.libs
lt_cv_path_LD=/Applications/Xcode.app/Contents/Developer/Toolchains/XcodeDefault.xctoolchain/usr/bin/ld
lt_cv_path_NM='/usr/bin/nm -B'
lt_cv_path_mainfest_tool=no
lt_cv_prog_compiler_c_o=yes
lt_cv_prog_compiler_pic='-fno-common -DPIC'
lt_cv_prog_compiler_pic_works=yes
lt_cv_prog_compiler_rtti_exceptions=yes
lt_cv_prog_compiler_static_works=no
lt_cv_prog_gnu_ld=no
lt_cv_sharedlib_from_linklib_cmd='printf %s\n'
lt_cv_sys_global_symbol_pipe='sed -n -e '\''s/^.*[	 ]\([ABCDGIRSTW][ABCDGIRSTW]*\)[	 ][	 ]*_\([_A-Za-z][_A-Za-z0-9]*\)$/\1 _\2 \2/p'\'' | sed '\''/ __gnu_lto/d'\'''
lt_cv_sys_global_symbol_to_c_name_address='sed -n -e '\''s/^: \(.*\) .*$/  {"\1", (void *) 0},/p'\'' -e '\''s/^[ABCDGIRSTW][ABCDGIRSTW]* .* \(.*\)$/  {"\1", (void *) \&\1},/p'\'''
lt_cv_sys_global_symbol_to_c_name_address_lib_prefix='sed -n -e '\''s/^: \(.*\) .*$/  {"\1", (void *) 0},/p'\'' -e '\''s/^[ABCDGIRSTW][ABCDGIRSTW]* .* \(lib.*\)$/  {"\1", (void *) \&\1},/p'\'' -e '\''s/^[ABCDGIRSTW][ABCDGIRSTW]* .* \(.*\)$/  {"lib\1", (void *) \&\1},/p'\'''
lt_cv_sys_global_symbol_to_cdecl='sed -n -e '\''s/^T .* \(.*\)$/extern int \1();/p'\'' -e '\''s/^[ABCDGIRSTW][ABCDGIRSTW]* .* \(.*\)$/extern char \1;/p'\'''
lt_cv_sys_global_symbol_to_import=
lt_cv_sys_max_cmd_len=786432
lt_cv_to_host_file_cmd=func_convert_file_noop
lt_cv_to_tool_file_cmd=func_convert_file_noop
lt_cv_truncate_bin='/bin/dd bs=4096 count=1'

## ----------------- ##
## Output variables. ##
## ----------------- ##

ACLOCAL='${SHELL} '\''/Users/johanna/Projekte/Uni/IAS/ias/include/opus-1.5.2/missing'\'' aclocal-1.16'
AMDEPBACKSLASH='\'
AMDEP_FALSE='#'
AMDEP_TRUE=''
AMTAR='$${TAR-tar}'
AM_BACKSLASH='\'
AM_DEFAULT_V='$(AM_DEFAULT_VERBOSITY)'
AM_DEFAULT_VERBOSITY='0'
AM_V='$(V)'
AR='ar'
ARM2GNU_PARAMS=''
ARM_DOTPROD_INTR_CFLAGS='-march=armv8.2-a+dotprod'
ARM_NEON_INTR_CFLAGS='-mfpu=neon'
AUTOCONF='${SHELL} '\''/Users/johanna/Projekte/Uni/IAS/ias/include/opus-1.5.2/missing'\'' autoconf'
AUTOHEADER='${SHELL} '\''/Users/johanna/Projekte/Uni/IAS/ias/include/opus-1.5.2/missing'\'' autoheader'
AUTOMAKE='${SHELL} '\''/Users/johanna/Projekte/Uni/IAS/ias/include/opus-1.5.2/missing'\'' automake-1.16'
AWK='awk'
CC='gcc'
CCAS='gcc'
CCASDEPMODE='depmode=gcc3'
CCASFLAGS='-g -O2'
CCDEPMODE='depmode=gcc3'
CFLAGS='-g -O2 -fvisibility=hidden -D_FORTIFY_SOURCE=2 -W -Wall -Wextra -Wcast-align -Wnested-externs -Wshadow -Wstrict-prototypes'
CPP='gcc -E'
CPPFLAGS=''
CPU_ARM_FALSE='#'
CPU_ARM_TRUE=''
CPU_X86_FALSE=''
CPU_X86_TRUE='#'
CSCOPE='cscope'
CTAGS='ctags'
CUSTOM_MODES_FALSE=''
CUSTOM_MODES_TRUE='#'
CYGPATH_W='echo'
DEFS='-DHAVE_CONFIG_H'
DEPDIR='.deps'
DISABLE_FLOAT_API_FALSE=''
DISABLE_FLOAT_API_TRUE='#'
DLLTOOL='false'
DSYMUTIL='dsymutil'
DUMPBIN=''
ECHO_C='\c'
ECHO_N=''
ECHO_T=''
EGREP='/usr/bin/grep -E'
ENABLE_DEEP_PLC_FALSE=''
ENABLE_DEEP_PLC_TRUE='#'
ENABLE_DRED_FALSE=''
ENABLE_DRED_TRUE='#'
ENABLE_LOSSGEN_FALSE=''
ENABLE_LOSSGEN_TRUE='#'
ENABLE_OSCE_FALSE=''
ENABLE_OSCE_TRUE='#'
ETAGS='etags'
EXEEXT=''
EXTRA_PROGRAMS_FALSE='#'
EXTRA_PROGRAMS_TRUE=''
FGREP='/usr/bin/grep -F'
FIXED_POINT_FALSE=''
FIXED_POINT_TRUE='#'
GREP='/usr/bin/grep'
HAVE_ARM_DOTPROD_FALSE='#'
HAVE_ARM_DOTPROD_TRUE=''
HAVE_ARM_NE10='0'
HAVE_ARM_NE10_FALSE=''
HAVE_ARM_NE10_TRUE='#'
HAVE_ARM_NEON_INTR_FALSE='#'
HAVE_ARM_NEON_INTR_TRUE=''
HAVE_AVX2_FALSE=''
HAVE_AVX2_TRUE='#'
HAVE_DOT='no'
HAVE_DOXYGEN='no'
HAVE_DOXYGEN_FALSE=''
HAVE_DOXYGEN_TRUE='#'
HAVE_PERL=''
HAVE_RTCD_FALSE=''
HAVE_RTCD_TRUE='#'
HAVE_SSE2_FALSE=''
HAVE_SSE2_TRUE='#'
HAVE_SSE4_1_FALSE=''
HAVE_SSE4_1_TRUE='#'
HAVE_SSE_FALSE=''
HAVE_SSE_TRUE='#'
INSTALL_DATA='${INSTALL} -m 644'
INSTALL_PROGRAM='${INSTALL}'
INSTALL_SCRIPT='${INSTALL}'
INSTALL_STRIP_PROGRAM='$(install_sh) -c -s'
LD='/Applications/Xcode.app/Contents/Developer/Toolchains/XcodeDefault.xctoolchain/usr/bin/ld'
LDFLAGS=''
LIBM=''
LIBOBJS=''
LIBS=''
LIBTOOL='$(SHELL) $(top_builddir)/libtool'
LIPO='lipo'
LN_S='ln -s'
LTLIBOBJS=''
LT_SYS_LIBRARY_PATH=''
MAINT=''
MAINTAINER_MODE_FALSE='#'
MAINTAINER_MODE_TRUE=''
MAKEINFO='${SHELL} '\''/Users/johanna/Projekte/Uni/IAS/ias/include/opus-1.5.2/missing'\'' makeinfo'
MANIFEST_TOOL=':'
MKDIR_P='./install-sh -c -d'
NE10_CFLAGS=''
NE10_LIBS=''
NM='/usr/bin/nm -B'
NMEDIT='nmedit'
OBJDUMP='objdump'
OBJEXT='o'
OPUS_ARM_DOTPROD_INTR_CFLAGS=''
OPUS_ARM_EXTERNAL_ASM_FALSE=''
OPUS_ARM_EXTERNAL_ASM_TRUE='#'
OPUS_ARM_INLINE_ASM_FALSE=''
OPUS_ARM_INLINE_ASM_TRUE='#'
OPUS_ARM_MAY_HAVE_DOTPROD='1'
OPUS_ARM_MAY_HAVE_EDSP=''
OPUS_ARM_MAY_HAVE_MEDIA=''
OPUS_ARM_MAY_HAVE_NEON=''
OPUS_ARM_NEON_INTR_CFLAGS=''
OPUS_HAVE_RTCD=''
OPUS_LT_AGE='10'
OPUS_LT_CURRENT='10'
OPUS_LT_REVISION='1'
OPUS_X86_AVX2_CFLAGS=''
OPUS_X86_SSE2_CFLAGS=''
OPUS_X86_SSE4_1_CFLAGS=''
OPUS_X86_SSE_CFLAGS=''
OTOOL64=':'
OTOOL='otool'
PACKAGE='opus'
PACKAGE_BUGREPORT='opus@xiph.org'
PACKAGE_NAME='opus'
PACKAGE_STRING='opus 1.5.2'
PACKAGE_TARNAME='opus'
PACKAGE_URL=''
PACKAGE_VERSION='1.5.2'
PATH_SEPARATOR=':'
PC_BUILD='floating-point'
RANLIB='ranlib'
SED='/usr/bin/sed'
SET_MAKE=''
SHELL='/bin/sh'
STRIP='strip'
VERSION='1.5.2'
X86_AVX2_CFLAGS='-mavx -mfma -mavx2'
X86_SSE2_CFLAGS='-msse2'
X86_SSE4_1_CFLAGS='-msse4.1'
X86_SSE_CFLAGS='-msse'
ac_ct_AR='ar'
ac_ct_CC='gcc'
ac_ct_DUMPBIN=''
am__EXEEXT_FALSE=''
am__EXEEXT_TRUE='#'
am__fastdepCCAS_FALSE='#'
am__fastdepCCAS_TRUE=''
am__fastdepCC_FALSE='#'
am__fastdepCC_TRUE=''
am__include='include'
am__isrc=''
am__leading_dot='.'
am__nodep='_no'
am__quote=''
am__tar='$${TAR-tar} chof - "$$tardir"'
am__untar='$${TAR-tar} xf -'
bindir='${exec_prefix}/bin'
build='aarch64-apple-darwin23.5.0'
build_alias=''
build_cpu='aarch64'
build_os='darwin23.5.0'
build_vendor='apple'
datadir='${datarootdir}'
datarootdir='${prefix}/share'
docdir='${datarootdir}/doc/${PACKAGE_TARNAME}'
dvidir='${docdir}'
exec_prefix='${prefix}'
host='aarch64-apple-darwin23.5.0'
host_alias=''
host_cpu='aarch64'
host_os='darwin23.5.0'
host_vendor='apple'
htmldir='${docdir}'
includedir='${prefix}/include'
infodir='${datarootdir}/info'
install_sh='${SHELL} /Users/johanna/Projekte/Uni/IAS/ias/include/opus-1.5.2/install-sh'
libdir='${exec_prefix}/lib'
libexecdir='${exec_prefix}/libexec'
localedir='${datarootdir}/locale'
localstatedir='${prefix}/var'
mandir='${datarootdir}/man'
mkdir_p='$(MKDIR_P)'
oldincludedir='/usr/include'
pdfdir='${docdir}'
prefix='/usr/local'
program_transform_name='s,x,x,'
psdir='${docdir}'
runstatedir='${localstatedir}/run'
sbindir='${exec_prefix}/sbin'
sharedstatedir='${prefix}/com'
sysconfdir='${prefix}/etc'
target_alias=''

## ----------- ##
## confdefs.h. ##
## ----------- ##

/* confdefs.h */
#define PACKAGE_NAME "opus"
#define PACKAGE_TARNAME "opus"
#define PACKAGE_VERSION "1.5.2"
#define PACKAGE_STRING "opus 1.5.2"
#define PACKAGE_BUGREPORT "opus@xiph.org"
#define PACKAGE_URL ""
#define HAVE_STDIO_H 1
#define HAVE_STDLIB_H 1
#define HAVE_STRING_H 1
#define HAVE_INTTYPES_H 1
#define HAVE_STDINT_H 1
#define HAVE_STRINGS_H 1
#define HAVE_SYS_STAT_H 1
#define HAVE_SYS_TYPES_H 1
#define HAVE_UNISTD_H 1
#define STDC_HEADERS 1
#define HAVE_DLFCN_H 1
#define LT_OBJDIR ".libs/"
#define OPUS_BUILD /**/
#define restrict __restrict
#define VAR_ARRAYS 1
#define FLOAT_APPROX 1
#define OPUS_ARM_MAY_HAVE_NEON_INTR 1
#define OPUS_ARM_PRESUME_NEON_INTR 1
#define OPUS_ARM_PRESUME_AARCH64_NEON_INTR 1
#define OPUS_ARM_MAY_HAVE_DOTPROD 1
#define OPUS_ARM_PRESUME_DOTPROD 1
#define ENABLE_HARDENING 1
#define DISABLE_DEBUG_FLOAT 1
#define HAVE_LRINTF 1
#define HAVE_LRINT 1

configure: exit 0
